Using pre-set license
Built from '2021.3/staging' branch; Version is '2021.3.4f1 (cb45f9cae8b7) revision 13321721'; Using compiler version '192829333'; Build Type 'Release'
OS: 'Windows 10  (10.0.19043) 64bit Core' Language: 'ru' Physical Memory: 16319 MB
BatchMode: 1, IsHumanControllingUs: 0, StartBugReporterOnCrash: 0, Is64bit: 1, IsPro: 1

COMMAND LINE ARGUMENTS:
C:\Program Files\Unity\Hub\Editor\2021.3.4f1\Editor\Unity.exe
-adb2
-batchMode
-noUpm
-name
AssetImportWorker0
-projectPath
C:/Users/VR-7/Desktop/ProjectForNaile/VRExcursion20Cab
-logFile
Logs/AssetImportWorker0.log
-srvPort
60516
Successfully changed project path to: C:/Users/VR-7/Desktop/ProjectForNaile/VRExcursion20Cab
C:/Users/VR-7/Desktop/ProjectForNaile/VRExcursion20Cab
[UnityMemory] Configuration Parameters - Can be set up in boot.config
    "memorysetup-bucket-allocator-granularity=16"
    "memorysetup-bucket-allocator-bucket-count=8"
    "memorysetup-bucket-allocator-block-size=33554432"
    "memorysetup-bucket-allocator-block-count=8"
    "memorysetup-main-allocator-block-size=16777216"
    "memorysetup-thread-allocator-block-size=16777216"
    "memorysetup-gfx-main-allocator-block-size=16777216"
    "memorysetup-gfx-thread-allocator-block-size=16777216"
    "memorysetup-cache-allocator-block-size=4194304"
    "memorysetup-typetree-allocator-block-size=2097152"
    "memorysetup-profiler-bucket-allocator-granularity=16"
    "memorysetup-profiler-bucket-allocator-bucket-count=8"
    "memorysetup-profiler-bucket-allocator-block-size=33554432"
    "memorysetup-profiler-bucket-allocator-block-count=8"
    "memorysetup-profiler-allocator-block-size=16777216"
    "memorysetup-profiler-editor-allocator-block-size=1048576"
    "memorysetup-temp-allocator-size-main=16777216"
    "memorysetup-job-temp-allocator-block-size=2097152"
    "memorysetup-job-temp-allocator-block-size-background=1048576"
    "memorysetup-job-temp-allocator-reduction-small-platforms=262144"
    "memorysetup-temp-allocator-size-background-worker=32768"
    "memorysetup-temp-allocator-size-job-worker=262144"
    "memorysetup-temp-allocator-size-preload-manager=33554432"
    "memorysetup-temp-allocator-size-nav-mesh-worker=65536"
    "memorysetup-temp-allocator-size-audio-worker=65536"
    "memorysetup-temp-allocator-size-cloud-worker=32768"
    "memorysetup-temp-allocator-size-gi-baking-worker=262144"
    "memorysetup-temp-allocator-size-gfx=262144"
Refreshing native plugins compatible for Editor in 87.66 ms, found 6 plugins.
Preloading 0 native plugins for Editor in 0.00 ms.
Initialize engine version: 2021.3.4f1 (cb45f9cae8b7)
[Subsystems] Discovering subsystems at path C:/Program Files/Unity/Hub/Editor/2021.3.4f1/Editor/Data/Resources/UnitySubsystems
[Subsystems] Discovering subsystems at path C:/Users/VR-7/Desktop/ProjectForNaile/VRExcursion20Cab/Assets
GfxDevice: creating device client; threaded=0; jobified=0
Direct3D:
    Version:  Direct3D 11.0 [level 11.1]
    Renderer: NVIDIA GeForce RTX 2060 SUPER (ID=0x1f06)
    Vendor:   NVIDIA
    VRAM:     8031 MB
    Driver:   27.21.14.5671
Initialize mono
Mono path[0] = 'C:/Program Files/Unity/Hub/Editor/2021.3.4f1/Editor/Data/Managed'
Mono path[1] = 'C:/Program Files/Unity/Hub/Editor/2021.3.4f1/Editor/Data/MonoBleedingEdge/lib/mono/unityjit-win32'
Mono config path = 'C:/Program Files/Unity/Hub/Editor/2021.3.4f1/Editor/Data/MonoBleedingEdge/etc'
Using monoOptions --debugger-agent=transport=dt_socket,embedding=1,server=y,suspend=n,address=127.0.0.1:56868
Begin MonoManager ReloadAssembly
Registering precompiled unity dll's ...
Register platform support module: C:/Program Files/Unity/Hub/Editor/2021.3.4f1/Editor/Data/PlaybackEngines/AndroidPlayer/UnityEditor.Android.Extensions.dll
Register platform support module: C:/Program Files/Unity/Hub/Editor/2021.3.4f1/Editor/Data/PlaybackEngines/WindowsStandaloneSupport/UnityEditor.WindowsStandalone.Extensions.dll
Register platform support module: C:/Program Files/Unity/Hub/Editor/2021.3.4f1/Editor/Data/PlaybackEngines/MetroSupport/UnityEditor.UWP.Extensions.dll
Registered in 0.007441 seconds.
Native extension for UWP target not found
Native extension for WindowsStandalone target not found
Native extension for Android target not found
Refreshing native plugins compatible for Editor in 86.99 ms, found 6 plugins.
Preloading 0 native plugins for Editor in 0.00 ms.
Mono: successfully reloaded assembly
- Completed reload, in  0.608 seconds
Domain Reload Profiling:
	ReloadAssembly (609ms)
		BeginReloadAssembly (65ms)
			ExecutionOrderSort (0ms)
			DisableScriptedObjects (0ms)
			BackupInstance (0ms)
			ReleaseScriptingObjects (0ms)
			CreateAndSetChildDomain (1ms)
		EndReloadAssembly (443ms)
			LoadAssemblies (63ms)
			RebuildTransferFunctionScriptingTraits (0ms)
			SetupTypeCache (98ms)
			ReleaseScriptCaches (0ms)
			RebuildScriptCaches (26ms)
			SetupLoadedEditorAssemblies (272ms)
				LogAssemblyErrors (0ms)
				InitializePlatformSupportModulesInManaged (49ms)
				SetLoadedEditorAssemblies (0ms)
				RefreshPlugins (87ms)
				BeforeProcessingInitializeOnLoad (2ms)
				ProcessInitializeOnLoadAttributes (94ms)
				ProcessInitializeOnLoadMethodAttributes (40ms)
				AfterProcessingInitializeOnLoad (0ms)
				EditorAssembliesLoaded (0ms)
			ExecutionOrderSort2 (0ms)
			AwakeInstancesAfterBackupRestoration (0ms)
Platform modules already initialized, skipping
Registering precompiled user dll's ...
Registered in 0.005939 seconds.
Begin MonoManager ReloadAssembly
Symbol file LoadedFromMemory doesn't match image C:\Users\VR-7\Desktop\ProjectForNaile\VRExcursion20Cab\Library\PackageCache\com.unity.visualscripting@1.7.8\Editor\VisualScripting.Core\Dependencies\YamlDotNet\Unity.VisualScripting.YamlDotNet.dll
Symbol file LoadedFromMemory doesn't match image C:\Users\VR-7\Desktop\ProjectForNaile\VRExcursion20Cab\Library\PackageCache\com.unity.visualscripting@1.7.8\Editor\VisualScripting.Core\Dependencies\DotNetZip\Unity.VisualScripting.IonicZip.dll
Native extension for UWP target not found
Native extension for WindowsStandalone target not found
Native extension for Android target not found
Refreshing native plugins compatible for Editor in 0.61 ms, found 6 plugins.
Preloading 0 native plugins for Editor in 0.00 ms.
Package Manager log level set to [2]
Mono: successfully reloaded assembly
- Completed reload, in  1.124 seconds
Domain Reload Profiling:
	ReloadAssembly (1125ms)
		BeginReloadAssembly (210ms)
			ExecutionOrderSort (0ms)
			DisableScriptedObjects (5ms)
			BackupInstance (0ms)
			ReleaseScriptingObjects (0ms)
			CreateAndSetChildDomain (121ms)
		EndReloadAssembly (813ms)
			LoadAssemblies (83ms)
			RebuildTransferFunctionScriptingTraits (0ms)
			SetupTypeCache (250ms)
			ReleaseScriptCaches (1ms)
			RebuildScriptCaches (57ms)
			SetupLoadedEditorAssemblies (381ms)
				LogAssemblyErrors (0ms)
				InitializePlatformSupportModulesInManaged (15ms)
				SetLoadedEditorAssemblies (0ms)
				RefreshPlugins (1ms)
				BeforeProcessingInitializeOnLoad (99ms)
				ProcessInitializeOnLoadAttributes (231ms)
				ProcessInitializeOnLoadMethodAttributes (27ms)
				AfterProcessingInitializeOnLoad (7ms)
				EditorAssembliesLoaded (0ms)
			ExecutionOrderSort2 (0ms)
			AwakeInstancesAfterBackupRestoration (5ms)
Platform modules already initialized, skipping
========================================================================
Worker process is ready to serve import requests
Launched and connected shader compiler UnityShaderCompiler.exe after 0.06 seconds
Refreshing native plugins compatible for Editor in 0.73 ms, found 6 plugins.
Preloading 0 native plugins for Editor in 0.00 ms.
Unloading 3897 Unused Serialized files (Serialized files now loaded: 0)
Unloading 40 unused Assets / (1.3 MB). Loaded Objects now: 4359.
Memory consumption went from 148.1 MB to 146.8 MB.
Total: 2.803000 ms (FindLiveObjects: 0.301400 ms CreateObjectMapping: 0.226100 ms MarkObjects: 2.030300 ms  DeleteObjects: 0.243900 ms)

AssetImportParameters requested are different than current active one (requested -> active):
  custom:video-decoder-ogg-theora: a1e56fd34408186e4bbccfd4996cb3dc -> 
  custom:container-muxer-webm: aa71ff27fc2769a1b78a27578f13a17b -> 
  custom:container-demuxer-webm: 4f35f7cbe854078d1ac9338744f61a02 -> 
  custom:video-encoder-webm-vp8: eb34c28f22e8b96e1ab97ce403110664 -> 
  custom:video-codec-MediaFoundation-h265: 746d11721c4dcdbdad8f713fa42b33f4 -> 
  custom:audio-encoder-webm-vorbis: bf7c407c2cedff20999df2af8eb42d56 -> 
  custom:framework-win-MediaFoundation: 216162199b28c13a410421893ffa2e32 -> 
  custom:container-demuxer-ogg: 62fdf1f143b41e24485cea50d1cbac27 -> 
  custom:video-decoder-webm-vp8: 9c59270c3fd7afecdb556c50c9e8de78 -> 
  custom:audio-decoder-ogg-vorbis: bf7c407c2cedff20999df2af8eb42d56 -> 
========================================================================
Received Import Request.
  Time since last request: 267370.317066 seconds.
  path: Assets/Materials/Wall.mat
  artifactKey: Guid(1e21a3967a9578c4d973944bc01138a5) Importer(815301076,1909f56bfc062723c751e8b465ee728b)
Start importing Assets/Materials/Wall.mat using Guid(1e21a3967a9578c4d973944bc01138a5) Importer(815301076,1909f56bfc062723c751e8b465ee728b)  -> (artifact id: '01e2f29275677b8875d6d8456940b515') in 0.130577 seconds 
========================================================================
Received Import Request.
  Time since last request: 1.560127 seconds.
  path: Assets/Audio
  artifactKey: Guid(8c9079c41d68e3b45a457eb7443c093d) Importer(815301076,1909f56bfc062723c751e8b465ee728b)
Start importing Assets/Audio using Guid(8c9079c41d68e3b45a457eb7443c093d) Importer(815301076,1909f56bfc062723c751e8b465ee728b)  -> (artifact id: 'd61dcb61f17d8550f0686f27851bd09a') in 0.005038 seconds 
========================================================================
Received Import Request.
  Time since last request: 2.198262 seconds.
  path: Assets/Audio/04716.mp3
  artifactKey: Guid(992710c9d78c579418f11b717f2ac4ab) Importer(815301076,1909f56bfc062723c751e8b465ee728b)
Start importing Assets/Audio/04716.mp3 using Guid(992710c9d78c579418f11b717f2ac4ab) Importer(815301076,1909f56bfc062723c751e8b465ee728b)  -> (artifact id: '93d34f0eb89f7b3b961eda202c3bfd50') in 0.026632 seconds 
========================================================================
Received Prepare
Registering precompiled user dll's ...
Registered in 0.005370 seconds.
Begin MonoManager ReloadAssembly
Symbol file LoadedFromMemory doesn't match image C:\Users\VR-7\Desktop\ProjectForNaile\VRExcursion20Cab\Library\PackageCache\com.unity.visualscripting@1.7.8\Editor\VisualScripting.Core\Dependencies\YamlDotNet\Unity.VisualScripting.YamlDotNet.dll
Symbol file LoadedFromMemory doesn't match image C:\Users\VR-7\Desktop\ProjectForNaile\VRExcursion20Cab\Library\PackageCache\com.unity.visualscripting@1.7.8\Editor\VisualScripting.Core\Dependencies\DotNetZip\Unity.VisualScripting.IonicZip.dll
Native extension for UWP target not found
Native extension for WindowsStandalone target not found
Native extension for Android target not found
Refreshing native plugins compatible for Editor in 0.60 ms, found 6 plugins.
Preloading 0 native plugins for Editor in 0.00 ms.
Mono: successfully reloaded assembly
- Completed reload, in  0.953 seconds
Domain Reload Profiling:
	ReloadAssembly (954ms)
		BeginReloadAssembly (115ms)
			ExecutionOrderSort (0ms)
			DisableScriptedObjects (4ms)
			BackupInstance (0ms)
			ReleaseScriptingObjects (0ms)
			CreateAndSetChildDomain (31ms)
		EndReloadAssembly (753ms)
			LoadAssemblies (71ms)
			RebuildTransferFunctionScriptingTraits (0ms)
			SetupTypeCache (247ms)
			ReleaseScriptCaches (1ms)
			RebuildScriptCaches (38ms)
			SetupLoadedEditorAssemblies (351ms)
				LogAssemblyErrors (0ms)
				InitializePlatformSupportModulesInManaged (22ms)
				SetLoadedEditorAssemblies (0ms)
				RefreshPlugins (1ms)
				BeforeProcessingInitializeOnLoad (78ms)
				ProcessInitializeOnLoadAttributes (200ms)
				ProcessInitializeOnLoadMethodAttributes (31ms)
				AfterProcessingInitializeOnLoad (18ms)
				EditorAssembliesLoaded (0ms)
			ExecutionOrderSort2 (0ms)
			AwakeInstancesAfterBackupRestoration (6ms)
Platform modules already initialized, skipping
Refreshing native plugins compatible for Editor in 1.82 ms, found 6 plugins.
Preloading 0 native plugins for Editor in 0.00 ms.
Unloading 3830 Unused Serialized files (Serialized files now loaded: 0)
Unloading 32 unused Assets / (1.2 MB). Loaded Objects now: 4404.
Memory consumption went from 147.0 MB to 145.8 MB.
Total: 2.574600 ms (FindLiveObjects: 0.252100 ms CreateObjectMapping: 0.248600 ms MarkObjects: 1.928600 ms  DeleteObjects: 0.144400 ms)

AssetImportParameters requested are different than current active one (requested -> active):
  custom:video-decoder-ogg-theora: a1e56fd34408186e4bbccfd4996cb3dc -> 
  custom:container-muxer-webm: aa71ff27fc2769a1b78a27578f13a17b -> 
  custom:container-demuxer-webm: 4f35f7cbe854078d1ac9338744f61a02 -> 
  custom:video-encoder-webm-vp8: eb34c28f22e8b96e1ab97ce403110664 -> 
  custom:video-codec-MediaFoundation-h265: 746d11721c4dcdbdad8f713fa42b33f4 -> 
  custom:audio-encoder-webm-vorbis: bf7c407c2cedff20999df2af8eb42d56 -> 
  custom:framework-win-MediaFoundation: 216162199b28c13a410421893ffa2e32 -> 
  custom:container-demuxer-ogg: 62fdf1f143b41e24485cea50d1cbac27 -> 
  custom:video-decoder-webm-vp8: 9c59270c3fd7afecdb556c50c9e8de78 -> 
  custom:audio-decoder-ogg-vorbis: bf7c407c2cedff20999df2af8eb42d56 -> 
========================================================================
Received Import Request.
  Time since last request: 140.887258 seconds.
  path: Assets/Scenes
  artifactKey: Guid(6ea315d0fd7389c41b19996891e99ae3) Importer(815301076,1909f56bfc062723c751e8b465ee728b)
Start importing Assets/Scenes using Guid(6ea315d0fd7389c41b19996891e99ae3) Importer(815301076,1909f56bfc062723c751e8b465ee728b)  -> (artifact id: 'b8193726cff86800c54781cdc6d54904') in 0.010423 seconds 
========================================================================
Received Import Request.
  Time since last request: 1.077272 seconds.
  path: Assets/Scenes/MainMenu.unity
  artifactKey: Guid(65c861b8bc8086f408ad3deed3adf039) Importer(815301076,1909f56bfc062723c751e8b465ee728b)
Start importing Assets/Scenes/MainMenu.unity using Guid(65c861b8bc8086f408ad3deed3adf039) Importer(815301076,1909f56bfc062723c751e8b465ee728b)  -> (artifact id: '5f7319786c4e87ee04b67c4ab6472211') in 0.005656 seconds 
========================================================================
Received Import Request.
  Time since last request: 1.212746 seconds.
  path: Assets/Scenes/Game.unity
  artifactKey: Guid(9fc0d4010bbf28b4594072e72b8655ab) Importer(815301076,1909f56bfc062723c751e8b465ee728b)
Start importing Assets/Scenes/Game.unity using Guid(9fc0d4010bbf28b4594072e72b8655ab) Importer(815301076,1909f56bfc062723c751e8b465ee728b)  -> (artifact id: '25acf6ffe94ea7c7da8324a724f71797') in 0.005796 seconds 
========================================================================
Received Import Request.
  Time since last request: 41.957084 seconds.
  path: Assets/Models/Enter (1).obj
  artifactKey: Guid(ed53c43263dc91f49817aae3340aa4c5) Importer(815301076,1909f56bfc062723c751e8b465ee728b)
Start importing Assets/Models/Enter (1).obj using Guid(ed53c43263dc91f49817aae3340aa4c5) Importer(815301076,1909f56bfc062723c751e8b465ee728b)  -> (artifact id: '443470fa73ec0081b0b7966ce154934d') in 3.200491 seconds 
========================================================================
Received Import Request.
  Time since last request: 9.650232 seconds.
  path: Assets/Scenes/Nadpis_sis_12 (1).obj
  artifactKey: Guid(268582b86eed16a418fed3e44b128a50) Importer(815301076,1909f56bfc062723c751e8b465ee728b)
Start importing Assets/Scenes/Nadpis_sis_12 (1).obj using Guid(268582b86eed16a418fed3e44b128a50) Importer(815301076,1909f56bfc062723c751e8b465ee728b)  -> (artifact id: '837ebc4f4dc231f48d153ff10e0c309f') in 0.034665 seconds 
========================================================================
Received Import Request.
  Time since last request: 30.612875 seconds.
  path: Assets/Materials
  artifactKey: Guid(522b87be2d53a694eb7d316437d1ccc9) Importer(815301076,1909f56bfc062723c751e8b465ee728b)
Start importing Assets/Materials using Guid(522b87be2d53a694eb7d316437d1ccc9) Importer(815301076,1909f56bfc062723c751e8b465ee728b)  -> (artifact id: 'a6d2a5168bfe0225cfc43118ac3809a4') in 0.005060 seconds 
========================================================================
Received Import Request.
  Time since last request: 5.114467 seconds.
  path: Assets/Materials/Text.mat
  artifactKey: Guid(3c72f5f137303054babf0d7e8e5d719d) Importer(815301076,1909f56bfc062723c751e8b465ee728b)
Start importing Assets/Materials/Text.mat using Guid(3c72f5f137303054babf0d7e8e5d719d) Importer(815301076,1909f56bfc062723c751e8b465ee728b)  -> (artifact id: 'a07a68370f23b035c2712f52ddd55e2f') in 0.012198 seconds 
========================================================================
Received Import Request.
  Time since last request: 12.328832 seconds.
  path: Assets/Materials/Text.mat
  artifactKey: Guid(3c72f5f137303054babf0d7e8e5d719d) Importer(815301076,1909f56bfc062723c751e8b465ee728b)
Start importing Assets/Materials/Text.mat using Guid(3c72f5f137303054babf0d7e8e5d719d) Importer(815301076,1909f56bfc062723c751e8b465ee728b)  -> (artifact id: '24e3d0fdbc925096bd419e3efc6aaba2') in 0.010176 seconds 
========================================================================
Received Import Request.
  Time since last request: 17.956225 seconds.
  path: Assets/Materials/Text.mat
  artifactKey: Guid(3c72f5f137303054babf0d7e8e5d719d) Importer(815301076,1909f56bfc062723c751e8b465ee728b)
Start importing Assets/Materials/Text.mat using Guid(3c72f5f137303054babf0d7e8e5d719d) Importer(815301076,1909f56bfc062723c751e8b465ee728b)  -> (artifact id: '7eaac8220af4b1aba9f75b27c31e3723') in 0.027899 seconds 
========================================================================
Received Import Request.
  Time since last request: 48.868033 seconds.
  path: Assets/Prefabs/------ MAP ---.prefab
  artifactKey: Guid(72b97ee5c291861499c8a1be3e2306a4) Importer(815301076,1909f56bfc062723c751e8b465ee728b)
Start importing Assets/Prefabs/------ MAP ---.prefab using Guid(72b97ee5c291861499c8a1be3e2306a4) Importer(815301076,1909f56bfc062723c751e8b465ee728b) Tried select unknown importer for id '-2' '00000000000000000000000000000000'
 -> (artifact id: '60720cdffaca02495b2793e42d20a475') in 0.268649 seconds 
========================================================================
Received Import Request.
  Time since last request: 906.244623 seconds.
  path: Assets/Images
  artifactKey: Guid(ede1955152b4b7741ac4b276009fea74) Importer(815301076,1909f56bfc062723c751e8b465ee728b)
Start importing Assets/Images using Guid(ede1955152b4b7741ac4b276009fea74) Importer(815301076,1909f56bfc062723c751e8b465ee728b)  -> (artifact id: '020c277290c1274c34be5ded4175d75f') in 0.005337 seconds 
========================================================================
Received Import Request.
  Time since last request: 0.047352 seconds.
  path: Assets/Images/268-2689541_the-rhombus-is-the-typical-shape-of-most-modern-baseball-icone-losange.png
  artifactKey: Guid(a935adbec3f4eae4695c5d3675b20498) Importer(815301076,1909f56bfc062723c751e8b465ee728b)
Start importing Assets/Images/268-2689541_the-rhombus-is-the-typical-shape-of-most-modern-baseball-icone-losange.png using Guid(a935adbec3f4eae4695c5d3675b20498) Importer(815301076,1909f56bfc062723c751e8b465ee728b)  -> (artifact id: 'f9b6f406ecaf42be59c6580064e01fe3') in 0.169996 seconds 
========================================================================
Received Import Request.
  Time since last request: 0.000022 seconds.
  path: Assets/Images/Logo.png
  artifactKey: Guid(7d6d864345091654c88855fd649c289f) Importer(815301076,1909f56bfc062723c751e8b465ee728b)
Start importing Assets/Images/Logo.png using Guid(7d6d864345091654c88855fd649c289f) Importer(815301076,1909f56bfc062723c751e8b465ee728b)  -> (artifact id: '01fcbefe9b837e2bf6e0f1a511157c2b') in 0.031367 seconds 
========================================================================
Received Import Request.
  Time since last request: 0.000021 seconds.
  path: Assets/Images/Mission-icon-400x400.png
  artifactKey: Guid(3dd52c0559b69094d870d6612ba85597) Importer(815301076,1909f56bfc062723c751e8b465ee728b)
Start importing Assets/Images/Mission-icon-400x400.png using Guid(3dd52c0559b69094d870d6612ba85597) Importer(815301076,1909f56bfc062723c751e8b465ee728b)  -> (artifact id: 'c7cbf510f441654dd4e0b026e578c3cf') in 0.033445 seconds 
Editor requested this worker to shutdown with reason: Scaling down because of idle timeout
AssetImportWorker is now disconnected from the server
Process exiting
Exiting without the bug reporter. Application will terminate with return code 0